<?xml version="1.0" encoding="UTF-8"?>
<testsuite name="finalproject.CalculationTest" tests="8" skipped="0" failures="0" errors="0" timestamp="2024-04-23T21:38:23" hostname="OliviaMiuki-2.local" time="0.053">
  <properties/>
  <testcase name="testWeightComparison()" classname="finalproject.CalculationTest" time="0.026"/>
  <testcase name="testWeightComparison_InvalidInput()" classname="finalproject.CalculationTest" time="0.001"/>
  <testcase name="testWeightComparison_NoChange()" classname="finalproject.CalculationTest" time="0.001"/>
  <testcase name="testLbsToKg()" classname="finalproject.CalculationTest" time="0.004"/>
  <testcase name="testConsumptionDiff()" classname="finalproject.CalculationTest" time="0.002"/>
  <testcase name="testTargetConsumption()" classname="finalproject.CalculationTest" time="0.001"/>
  <testcase name="testWeightComparison_GainedWeight()" classname="finalproject.CalculationTest" time="0.0"/>
  <testcase name="testConvertNutrition()" classname="finalproject.CalculationTest" time="0.01"/>
  <system-out><![CDATA[]]></system-out>
  <system-err><![CDATA[]]></system-err>
</testsuite>
