<?xml version="1.0" encoding="UTF-8"?>
<testsuite name="finalproject.TargetTest" tests="9" skipped="0" failures="0" errors="0" timestamp="2024-04-23T21:38:24" hostname="OliviaMiuki-2.local" time="0.014">
  <properties/>
  <testcase name="testToString()" classname="finalproject.TargetTest" time="0.003"/>
  <testcase name="testGetCarb()" classname="finalproject.TargetTest" time="0.001"/>
  <testcase name="testGetProtein()" classname="finalproject.TargetTest" time="0.0"/>
  <testcase name="testSetCalories()" classname="finalproject.TargetTest" time="0.001"/>
  <testcase name="testGetCalories()" classname="finalproject.TargetTest" time="0.001"/>
  <testcase name="testGetFat()" classname="finalproject.TargetTest" time="0.001"/>
  <testcase name="testSetCarb()" classname="finalproject.TargetTest" time="0.001"/>
  <testcase name="testSetFat()" classname="finalproject.TargetTest" time="0.0"/>
  <testcase name="testSetProtein()" classname="finalproject.TargetTest" time="0.001"/>
  <system-out><![CDATA[]]></system-out>
  <system-err><![CDATA[]]></system-err>
</testsuite>
