<?xml version="1.0" encoding="UTF-8"?>
<testsuite name="finalproject.FoodTest" tests="3" skipped="0" failures="0" errors="0" timestamp="2024-04-23T21:38:24" hostname="OliviaMiuki-2.local" time="0.002">
  <properties/>
  <testcase name="testToString()" classname="finalproject.FoodTest" time="0.0"/>
  <testcase name="testConstructorAndGetters()" classname="finalproject.FoodTest" time="0.0"/>
  <testcase name="testSetters()" classname="finalproject.FoodTest" time="0.0"/>
  <system-out><![CDATA[]]></system-out>
  <system-err><![CDATA[]]></system-err>
</testsuite>
